build/app/intermediates/manifest_merge_blame_file/debug/manifest-merger-blame-debug-report.txt
1<?xml version="1.0" encoding="utf-8"?>
2<manifest xmlns:android="http://schemas.android.com/apk/res/android"
3    package="aliraqia.edu.iq"
4    android:versionCode="9"
5    android:versionName="3.0.4" >
6
7    <uses-sdk
8        android:minSdkVersion="21"
9        android:targetSdkVersion="33" />
10    <!--
11         Flutter needs it to communicate with the running application
12         to allow setting breakpoints, to provide hot reload, etc.
13    -->
14    <uses-permission android:name="android.permission.INTERNET" />
14-->src\main\AndroidManifest.xml:5:5-67
14-->src\main\AndroidManifest.xml:5:22-64
15    <uses-permission android:name="android.permission.ACCESS_NETWORK_STATE" />
15-->src\main\AndroidManifest.xml:6:5-79
15-->src\main\AndroidManifest.xml:6:22-76
16    <uses-permission android:name="android.permission.ACCESS_WIFI_STATE" />
16-->src\main\AndroidManifest.xml:7:5-76
16-->src\main\AndroidManifest.xml:7:22-73
17    <uses-permission android:name="com.google.android.gms.permission.AD_ID" />
17-->src\main\AndroidManifest.xml:8:5-79
17-->src\main\AndroidManifest.xml:8:22-76
18    <uses-permission android:name="android.permission.READ_PHONE_STATE" />
18-->src\main\AndroidManifest.xml:9:5-75
18-->src\main\AndroidManifest.xml:9:22-72
19    <uses-permission android:name="android.permission.WRITE_EXTERNAL_STORAGE" />
19-->src\main\AndroidManifest.xml:10:5-81
19-->src\main\AndroidManifest.xml:10:22-78
20    <uses-permission android:name="android.permission.READ_EXTERNAL_STORAGE" />
20-->src\main\AndroidManifest.xml:11:5-80
20-->src\main\AndroidManifest.xml:11:22-77
21    <uses-permission android:name="android.permission.WAKE_LOCK" /> <!-- Permissions options for the `notification` group -->
21-->[:firebase_messaging] AndroidManifest.xml:10:5-68
21-->[:firebase_messaging] AndroidManifest.xml:10:22-65
22    <uses-permission android:name="android.permission.POST_NOTIFICATIONS" />
22-->[:firebase_messaging] AndroidManifest.xml:13:5-77
22-->[:firebase_messaging] AndroidManifest.xml:13:22-74
23    <uses-permission android:name="android.permission.RECEIVE_BOOT_COMPLETED" />
23-->[:flutter_local_notifications] AndroidManifest.xml:9:5-81
23-->[:flutter_local_notifications] AndroidManifest.xml:9:22-78
24    <uses-permission android:name="android.permission.VIBRATE" />
24-->[:flutter_local_notifications] AndroidManifest.xml:10:5-66
24-->[:flutter_local_notifications] AndroidManifest.xml:10:22-63
25    <uses-permission android:name="android.permission.USE_FULL_SCREEN_INTENT" />
25-->[:flutter_local_notifications] AndroidManifest.xml:11:5-81
25-->[:flutter_local_notifications] AndroidManifest.xml:11:22-78
26    <uses-permission android:name="android.permission.SCHEDULE_EXACT_ALARM" />
26-->[:flutter_local_notifications] AndroidManifest.xml:12:5-79
26-->[:flutter_local_notifications] AndroidManifest.xml:12:22-76
27
28    <queries>
28-->[:file_picker] AndroidManifest.xml:11:5-17:15
29        <intent>
29-->[:file_picker] AndroidManifest.xml:12:9-16:18
30            <action android:name="android.intent.action.GET_CONTENT" />
30-->[:file_picker] AndroidManifest.xml:13:13-72
30-->[:file_picker] AndroidManifest.xml:13:21-69
31
32            <data android:mimeType="*/*" />
32-->src\main\AndroidManifest.xml:52:17-54:46
33        </intent>
34        <intent>
34-->[:flutter_inappwebview] AndroidManifest.xml:10:9-12:18
35            <action android:name="android.support.customtabs.action.CustomTabsService" />
35-->[:flutter_inappwebview] AndroidManifest.xml:11:13-90
35-->[:flutter_inappwebview] AndroidManifest.xml:11:21-87
36        </intent>
37
38        <package android:name="com.facebook.katana" /> <!-- For browser content -->
38-->[com.facebook.android:facebook-common:15.1.0] AndroidManifest.xml:18:9-55
38-->[com.facebook.android:facebook-common:15.1.0] AndroidManifest.xml:18:18-52
39        <intent>
39-->[com.google.android.gms:play-services-ads-lite:21.3.0] AndroidManifest.xml:31:9-37:18
40            <action android:name="android.intent.action.VIEW" />
40-->src\main\AndroidManifest.xml:47:17-69
40-->src\main\AndroidManifest.xml:47:25-66
41
42            <category android:name="android.intent.category.BROWSABLE" />
42-->src\main\AndroidManifest.xml:50:17-78
42-->src\main\AndroidManifest.xml:50:27-75
43
44            <data android:scheme="https" />
44-->src\main\AndroidManifest.xml:52:17-54:46
44-->src\main\AndroidManifest.xml:54:21-43
45        </intent>
46        <intent>
46-->[androidx.media2:media2-session:1.2.0] AndroidManifest.xml:25:9-27:18
47            <action android:name="android.media.browse.MediaBrowserService" />
47-->[androidx.media2:media2-session:1.2.0] AndroidManifest.xml:26:13-79
47-->[androidx.media2:media2-session:1.2.0] AndroidManifest.xml:26:21-76
48        </intent>
49        <intent>
49-->[androidx.media2:media2-session:1.2.0] AndroidManifest.xml:28:9-30:18
50            <action android:name="androidx.media2.session.MediaSessionService" />
50-->[androidx.media2:media2-session:1.2.0] AndroidManifest.xml:29:13-82
50-->[androidx.media2:media2-session:1.2.0] AndroidManifest.xml:29:21-79
51        </intent>
52        <intent>
52-->[androidx.media2:media2-session:1.2.0] AndroidManifest.xml:31:9-33:18
53            <action android:name="androidx.media2.session.MediaLibraryService" />
53-->[androidx.media2:media2-session:1.2.0] AndroidManifest.xml:32:13-82
53-->[androidx.media2:media2-session:1.2.0] AndroidManifest.xml:32:21-79
54        </intent>
55    </queries>
56
57    <uses-permission android:name="android.permission.ACCESS_COARSE_LOCATION" />
57-->[:location] AndroidManifest.xml:9:5-81
57-->[:location] AndroidManifest.xml:9:22-78
58    <uses-permission android:name="android.permission.ACCESS_FINE_LOCATION" /> <!-- Required by older versions of Google Play services to create IID tokens -->
58-->[:location] AndroidManifest.xml:10:5-79
58-->[:location] AndroidManifest.xml:10:22-76
59    <uses-permission android:name="com.google.android.c2dm.permission.RECEIVE" />
59-->[com.google.firebase:firebase-messaging:23.1.1] AndroidManifest.xml:28:5-82
59-->[com.google.firebase:firebase-messaging:23.1.1] AndroidManifest.xml:28:22-79
60    <uses-permission android:name="com.google.android.finsky.permission.BIND_GET_INSTALL_REFERRER_SERVICE" />
60-->[com.google.android.gms:play-services-measurement:21.2.0] AndroidManifest.xml:26:5-110
60-->[com.google.android.gms:play-services-measurement:21.2.0] AndroidManifest.xml:26:22-107
61    <uses-permission android:name="android.permission.FOREGROUND_SERVICE" />
61-->[androidx.work:work-runtime:2.7.0] AndroidManifest.xml:28:5-77
61-->[androidx.work:work-runtime:2.7.0] AndroidManifest.xml:28:22-74
62
63    <application
63-->src\main\AndroidManifest.xml:13:5-96:19
64        android:appComponentFactory="androidx.core.app.CoreComponentFactory"
64-->[androidx.core:core:1.8.0] AndroidManifest.xml:24:18-86
65        android:debuggable="true"
66        android:hardwareAccelerated="true"
66-->[:facebook_audience_network] AndroidManifest.xml:9:18-52
67        android:icon="@mipmap/ic_launcher"
67-->src\main\AndroidManifest.xml:14:9-43
68        android:label="@string/app_name"
68-->src\main\AndroidManifest.xml:15:9-41
69        android:supportsRtl="true"
69-->[com.facebook.android:facebook-login:15.1.0] AndroidManifest.xml:16:18-44
70        android:usesCleartextTraffic="true" >
70-->src\main\AndroidManifest.xml:16:9-44
71        <activity
71-->src\main\AndroidManifest.xml:17:9-60:20
72            android:name="aliraqia.edu.iq.MainActivity"
72-->src\main\AndroidManifest.xml:18:13-41
73            android:configChanges="orientation|keyboardHidden|keyboard|screenSize|smallestScreenSize|locale|layoutDirection|fontScale|screenLayout|density|uiMode"
73-->src\main\AndroidManifest.xml:19:13-163
74            android:exported="true"
74-->src\main\AndroidManifest.xml:20:13-36
75            android:hardwareAccelerated="true"
75-->src\main\AndroidManifest.xml:21:13-47
76            android:launchMode="singleTop"
76-->src\main\AndroidManifest.xml:22:13-43
77            android:theme="@style/LaunchTheme"
77-->src\main\AndroidManifest.xml:23:13-47
78            android:windowSoftInputMode="adjustResize" >
78-->src\main\AndroidManifest.xml:24:13-55
79
80            <!--
81                 Specifies an Android theme to apply to this Activity as soon as
82                 the Android process has started. This theme is visible to the user
83                 while the Flutter UI initializes. After that, this theme continues
84                 to determine the Window background behind the Flutter UI.
85            -->
86            <meta-data
86-->src\main\AndroidManifest.xml:30:13-32:57
87                android:name="io.flutter.embedding.android.NormalTheme"
87-->src\main\AndroidManifest.xml:31:17-72
88                android:resource="@style/NormalTheme" />
88-->src\main\AndroidManifest.xml:32:17-54
89            <!--
90                 Displays an Android View that continues showing the launch screen
91                 Drawable until Flutter paints its first frame, then this splash
92                 screen fades out. A splash screen is useful to avoid any visual
93                 gap between the end of Android's launch screen and the painting of
94                 Flutter's first frame.
95            -->
96            <!--
97                <meta-data
98                android:name="io.flutter.embedding.android.SplashScreenDrawable"
99                android:resource="@drawable/launch_background" />
100            -->
101            <intent-filter>
101-->src\main\AndroidManifest.xml:41:13-44:29
102                <action android:name="android.intent.action.MAIN" />
102-->src\main\AndroidManifest.xml:42:17-69
102-->src\main\AndroidManifest.xml:42:25-66
103
104                <category android:name="android.intent.category.LAUNCHER" />
104-->src\main\AndroidManifest.xml:43:17-77
104-->src\main\AndroidManifest.xml:43:27-74
105            </intent-filter>
106            <intent-filter>
106-->src\main\AndroidManifest.xml:46:13-55:29
107                <action android:name="android.intent.action.VIEW" />
107-->src\main\AndroidManifest.xml:47:17-69
107-->src\main\AndroidManifest.xml:47:25-66
108
109                <category android:name="android.intent.category.DEFAULT" />
109-->src\main\AndroidManifest.xml:49:17-76
109-->src\main\AndroidManifest.xml:49:27-73
110                <category android:name="android.intent.category.BROWSABLE" />
110-->src\main\AndroidManifest.xml:50:17-78
110-->src\main\AndroidManifest.xml:50:27-75
111
112                <data
112-->src\main\AndroidManifest.xml:52:17-54:46
113                    android:host="example.com"
113-->src\main\AndroidManifest.xml:53:21-47
114                    android:scheme="https" />
114-->src\main\AndroidManifest.xml:54:21-43
115            </intent-filter>
116            <intent-filter>
116-->src\main\AndroidManifest.xml:56:13-59:29
117                <action android:name="FLUTTER_NOTIFICATION_CLICK" />
117-->src\main\AndroidManifest.xml:57:17-69
117-->src\main\AndroidManifest.xml:57:25-66
118
119                <category android:name="android.intent.category.DEFAULT" />
119-->src\main\AndroidManifest.xml:49:17-76
119-->src\main\AndroidManifest.xml:49:27-73
120            </intent-filter>
121        </activity>
122        <!--
123             Don't delete the meta-data below.
124             This is used by the Flutter tool to generate GeneratedPluginRegistrant.java
125        -->
126        <meta-data
126-->src\main\AndroidManifest.xml:63:9-65:33
127            android:name="flutterEmbedding"
127-->src\main\AndroidManifest.xml:64:13-44
128            android:value="2" />
128-->src\main\AndroidManifest.xml:65:13-30
129        <!-- facebook login requirement -->
130        <meta-data
130-->src\main\AndroidManifest.xml:67:9-69:55
131            android:name="com.facebook.sdk.ApplicationId"
131-->src\main\AndroidManifest.xml:68:13-58
132            android:value="@string/facebook_app_id" />
132-->src\main\AndroidManifest.xml:69:13-52
133        <meta-data
133-->src\main\AndroidManifest.xml:70:9-72:61
134            android:name="com.facebook.sdk.ClientToken"
134-->src\main\AndroidManifest.xml:71:13-56
135            android:value="@string/facebook_client_token" />
135-->src\main\AndroidManifest.xml:72:13-58
136
137        <activity
137-->src\main\AndroidManifest.xml:74:9-77:48
138            android:name="com.facebook.FacebookActivity"
138-->src\main\AndroidManifest.xml:75:13-57
139            android:configChanges="keyboard|keyboardHidden|screenLayout|screenSize|orientation"
139-->src\main\AndroidManifest.xml:76:13-96
140            android:label="@string/app_name"
140-->src\main\AndroidManifest.xml:77:13-45
141            android:theme="@style/com_facebook_activity_theme" />
141-->[com.facebook.android:facebook-common:15.1.0] AndroidManifest.xml:25:13-63
142        <activity
142-->src\main\AndroidManifest.xml:78:9-90:20
143            android:name="com.facebook.CustomTabActivity"
143-->src\main\AndroidManifest.xml:79:13-58
144            android:exported="true" >
144-->src\main\AndroidManifest.xml:80:13-36
145            <intent-filter>
145-->src\main\AndroidManifest.xml:81:13-89:29
146                <action android:name="android.intent.action.VIEW" />
146-->src\main\AndroidManifest.xml:47:17-69
146-->src\main\AndroidManifest.xml:47:25-66
147
148                <category android:name="android.intent.category.DEFAULT" />
148-->src\main\AndroidManifest.xml:49:17-76
148-->src\main\AndroidManifest.xml:49:27-73
149                <category android:name="android.intent.category.BROWSABLE" />
149-->src\main\AndroidManifest.xml:50:17-78
149-->src\main\AndroidManifest.xml:50:27-75
150
151                <data android:scheme="@string/fb_login_protocol_scheme" />
151-->src\main\AndroidManifest.xml:52:17-54:46
151-->src\main\AndroidManifest.xml:54:21-43
152                <data
152-->src\main\AndroidManifest.xml:52:17-54:46
153                    android:host="appaliraq.page.link"
153-->src\main\AndroidManifest.xml:53:21-47
154                    android:scheme="https" />
154-->src\main\AndroidManifest.xml:54:21-43
155            </intent-filter>
156            <intent-filter>
156-->[com.facebook.android:facebook-common:15.1.0] AndroidManifest.xml:31:13-40:29
157                <action android:name="android.intent.action.VIEW" />
157-->src\main\AndroidManifest.xml:47:17-69
157-->src\main\AndroidManifest.xml:47:25-66
158
159                <category android:name="android.intent.category.DEFAULT" />
159-->src\main\AndroidManifest.xml:49:17-76
159-->src\main\AndroidManifest.xml:49:27-73
160                <category android:name="android.intent.category.BROWSABLE" />
160-->src\main\AndroidManifest.xml:50:17-78
160-->src\main\AndroidManifest.xml:50:27-75
161
162                <data
162-->src\main\AndroidManifest.xml:52:17-54:46
163                    android:host="cct.aliraqia.edu.iq"
163-->src\main\AndroidManifest.xml:53:21-47
164                    android:scheme="fbconnect" />
164-->src\main\AndroidManifest.xml:54:21-43
165            </intent-filter>
166        </activity>
167
168        <meta-data
168-->src\main\AndroidManifest.xml:92:9-94:70
169            android:name="com.google.android.gms.ads.APPLICATION_ID"
169-->src\main\AndroidManifest.xml:93:13-69
170            android:value="ca-app-pub-3940256099942544~3347511713" />
170-->src\main\AndroidManifest.xml:94:13-67
171
172        <service
172-->[:firebase_messaging] AndroidManifest.xml:16:9-19:72
173            android:name="io.flutter.plugins.firebase.messaging.FlutterFirebaseMessagingBackgroundService"
173-->[:firebase_messaging] AndroidManifest.xml:17:13-107
174            android:exported="false"
174-->[:firebase_messaging] AndroidManifest.xml:18:13-37
175            android:permission="android.permission.BIND_JOB_SERVICE" />
175-->[:firebase_messaging] AndroidManifest.xml:19:13-69
176        <service
176-->[:firebase_messaging] AndroidManifest.xml:20:9-26:19
177            android:name="io.flutter.plugins.firebase.messaging.FlutterFirebaseMessagingService"
177-->[:firebase_messaging] AndroidManifest.xml:21:13-97
178            android:exported="false" >
178-->[:firebase_messaging] AndroidManifest.xml:22:13-37
179            <intent-filter>
179-->[:firebase_messaging] AndroidManifest.xml:23:13-25:29
180                <action android:name="com.google.firebase.MESSAGING_EVENT" />
180-->[:firebase_messaging] AndroidManifest.xml:24:17-78
180-->[:firebase_messaging] AndroidManifest.xml:24:25-75
181            </intent-filter>
182        </service>
183
184        <receiver
184-->[:firebase_messaging] AndroidManifest.xml:28:9-35:20
185            android:name="io.flutter.plugins.firebase.messaging.FlutterFirebaseMessagingReceiver"
185-->[:firebase_messaging] AndroidManifest.xml:29:13-98
186            android:exported="true"
186-->[:firebase_messaging] AndroidManifest.xml:30:13-36
187            android:permission="com.google.android.c2dm.permission.SEND" >
187-->[:firebase_messaging] AndroidManifest.xml:31:13-73
188            <intent-filter>
188-->[:firebase_messaging] AndroidManifest.xml:32:13-34:29
189                <action android:name="com.google.android.c2dm.intent.RECEIVE" />
189-->[:firebase_messaging] AndroidManifest.xml:33:17-81
189-->[:firebase_messaging] AndroidManifest.xml:33:25-78
190            </intent-filter>
191        </receiver>
192
193        <service
193-->[:firebase_messaging] AndroidManifest.xml:37:9-41:19
194            android:name="com.google.firebase.components.ComponentDiscoveryService"
194-->[:firebase_messaging] AndroidManifest.xml:37:18-89
195            android:directBootAware="true"
195-->[com.google.firebase:firebase-common:20.2.0] AndroidManifest.xml:34:13-43
196            android:exported="false" >
196-->[com.google.firebase:firebase-messaging:23.1.1] AndroidManifest.xml:54:13-37
197            <meta-data
197-->[:firebase_messaging] AndroidManifest.xml:38:13-40:85
198                android:name="com.google.firebase.components:io.flutter.plugins.firebase.messaging.FlutterFirebaseAppRegistrar"
198-->[:firebase_messaging] AndroidManifest.xml:39:17-128
199                android:value="com.google.firebase.components.ComponentRegistrar" />
199-->[:firebase_messaging] AndroidManifest.xml:40:17-82
200            <meta-data
200-->[:firebase_dynamic_links] AndroidManifest.xml:13:13-15:85
201                android:name="com.google.firebase.components:io.flutter.plugins.firebase.dynamiclinks.FlutterFirebaseAppRegistrar"
201-->[:firebase_dynamic_links] AndroidManifest.xml:14:17-131
202                android:value="com.google.firebase.components.ComponentRegistrar" />
202-->[:firebase_dynamic_links] AndroidManifest.xml:15:17-82
203            <meta-data
203-->[:firebase_auth] AndroidManifest.xml:11:13-13:85
204                android:name="com.google.firebase.components:io.flutter.plugins.firebase.auth.FlutterFirebaseAuthRegistrar"
204-->[:firebase_auth] AndroidManifest.xml:12:17-124
205                android:value="com.google.firebase.components.ComponentRegistrar" />
205-->[:firebase_auth] AndroidManifest.xml:13:17-82
206            <meta-data
206-->[:firebase_core] AndroidManifest.xml:11:13-13:85
207                android:name="com.google.firebase.components:io.flutter.plugins.firebase.core.FlutterFirebaseCoreRegistrar"
207-->[:firebase_core] AndroidManifest.xml:12:17-124
208                android:value="com.google.firebase.components.ComponentRegistrar" />
208-->[:firebase_core] AndroidManifest.xml:13:17-82
209            <meta-data
209-->[com.google.firebase:firebase-messaging:23.1.1] AndroidManifest.xml:55:13-57:85
210                android:name="com.google.firebase.components:com.google.firebase.messaging.FirebaseMessagingRegistrar"
210-->[com.google.firebase:firebase-messaging:23.1.1] AndroidManifest.xml:56:17-119
211                android:value="com.google.firebase.components.ComponentRegistrar" />
211-->[com.google.firebase:firebase-messaging:23.1.1] AndroidManifest.xml:57:17-82
212            <meta-data
212-->[com.google.firebase:firebase-auth:21.1.0] AndroidManifest.xml:67:13-69:85
213                android:name="com.google.firebase.components:com.google.firebase.auth.FirebaseAuthRegistrar"
213-->[com.google.firebase:firebase-auth:21.1.0] AndroidManifest.xml:68:17-109
214                android:value="com.google.firebase.components.ComponentRegistrar" />
214-->[com.google.firebase:firebase-auth:21.1.0] AndroidManifest.xml:69:17-82
215            <meta-data
215-->[com.google.firebase:firebase-appcheck-playintegrity:16.1.0] AndroidManifest.xml:27:13-29:85
216                android:name="com.google.firebase.components:com.google.firebase.appcheck.playintegrity.FirebaseAppCheckPlayIntegrityRegistrar"
216-->[com.google.firebase:firebase-appcheck-playintegrity:16.1.0] AndroidManifest.xml:28:17-144
217                android:value="com.google.firebase.components.ComponentRegistrar" />
217-->[com.google.firebase:firebase-appcheck-playintegrity:16.1.0] AndroidManifest.xml:29:17-82
218            <meta-data
218-->[com.google.firebase:firebase-dynamic-links:21.1.0] AndroidManifest.xml:26:13-28:85
219                android:name="com.google.firebase.components:com.google.firebase.dynamiclinks.internal.FirebaseDynamicLinkRegistrar"
219-->[com.google.firebase:firebase-dynamic-links:21.1.0] AndroidManifest.xml:27:17-133
220                android:value="com.google.firebase.components.ComponentRegistrar" />
220-->[com.google.firebase:firebase-dynamic-links:21.1.0] AndroidManifest.xml:28:17-82
221            <meta-data
221-->[com.google.firebase:firebase-appcheck:16.1.0] AndroidManifest.xml:27:13-29:85
222                android:name="com.google.firebase.components:com.google.firebase.appcheck.FirebaseAppCheckRegistrar"
222-->[com.google.firebase:firebase-appcheck:16.1.0] AndroidManifest.xml:28:17-117
223                android:value="com.google.firebase.components.ComponentRegistrar" />
223-->[com.google.firebase:firebase-appcheck:16.1.0] AndroidManifest.xml:29:17-82
224            <meta-data
224-->[com.google.firebase:firebase-iid:21.1.0] AndroidManifest.xml:32:13-34:85
225                android:name="com.google.firebase.components:com.google.firebase.iid.Registrar"
225-->[com.google.firebase:firebase-iid:21.1.0] AndroidManifest.xml:33:17-96
226                android:value="com.google.firebase.components.ComponentRegistrar" />
226-->[com.google.firebase:firebase-iid:21.1.0] AndroidManifest.xml:34:17-82
227            <meta-data
227-->[com.google.firebase:firebase-datatransport:18.1.7] AndroidManifest.xml:27:13-29:85
228                android:name="com.google.firebase.components:com.google.firebase.datatransport.TransportRegistrar"
228-->[com.google.firebase:firebase-datatransport:18.1.7] AndroidManifest.xml:28:17-115
229                android:value="com.google.firebase.components.ComponentRegistrar" />
229-->[com.google.firebase:firebase-datatransport:18.1.7] AndroidManifest.xml:29:17-82
230            <meta-data
230-->[com.google.android.gms:play-services-measurement-api:21.2.0] AndroidManifest.xml:31:13-33:85
231                android:name="com.google.firebase.components:com.google.firebase.analytics.connector.internal.AnalyticsConnectorRegistrar"
231-->[com.google.android.gms:play-services-measurement-api:21.2.0] AndroidManifest.xml:32:17-139
232                android:value="com.google.firebase.components.ComponentRegistrar" />
232-->[com.google.android.gms:play-services-measurement-api:21.2.0] AndroidManifest.xml:33:17-82
233            <meta-data
233-->[com.google.firebase:firebase-installations:17.1.0] AndroidManifest.xml:17:13-19:85
234                android:name="com.google.firebase.components:com.google.firebase.installations.FirebaseInstallationsRegistrar"
234-->[com.google.firebase:firebase-installations:17.1.0] AndroidManifest.xml:18:17-127
235                android:value="com.google.firebase.components.ComponentRegistrar" />
235-->[com.google.firebase:firebase-installations:17.1.0] AndroidManifest.xml:19:17-82
236        </service>
237
238        <provider
238-->[:firebase_messaging] AndroidManifest.xml:43:9-47:38
239            android:name="io.flutter.plugins.firebase.messaging.FlutterFirebaseMessagingInitProvider"
239-->[:firebase_messaging] AndroidManifest.xml:44:13-102
240            android:authorities="aliraqia.edu.iq.flutterfirebasemessaginginitprovider"
240-->[:firebase_messaging] AndroidManifest.xml:45:13-88
241            android:exported="false"
241-->[:firebase_messaging] AndroidManifest.xml:46:13-37
242            android:initOrder="99" />
242-->[:firebase_messaging] AndroidManifest.xml:47:13-35
243
244        <receiver
244-->[:flutter_local_notifications] AndroidManifest.xml:16:9-18:40
245            android:name="com.dexterous.flutterlocalnotifications.ActionBroadcastReceiver"
245-->[:flutter_local_notifications] AndroidManifest.xml:17:13-91
246            android:exported="false" />
246-->[:flutter_local_notifications] AndroidManifest.xml:18:13-37
247        <receiver
247-->[:flutter_local_notifications] AndroidManifest.xml:19:9-21:40
248            android:name="com.dexterous.flutterlocalnotifications.ScheduledNotificationReceiver"
248-->[:flutter_local_notifications] AndroidManifest.xml:20:13-97
249            android:exported="false" />
249-->[:flutter_local_notifications] AndroidManifest.xml:21:13-37
250        <receiver
250-->[:flutter_local_notifications] AndroidManifest.xml:22:9-31:20
251            android:name="com.dexterous.flutterlocalnotifications.ScheduledNotificationBootReceiver"
251-->[:flutter_local_notifications] AndroidManifest.xml:23:13-101
252            android:exported="false" >
252-->[:flutter_local_notifications] AndroidManifest.xml:24:13-37
253            <intent-filter>
253-->[:flutter_local_notifications] AndroidManifest.xml:25:13-30:29
254                <action android:name="android.intent.action.BOOT_COMPLETED" />
254-->[:flutter_local_notifications] AndroidManifest.xml:26:17-79
254-->[:flutter_local_notifications] AndroidManifest.xml:26:25-76
255                <action android:name="android.intent.action.MY_PACKAGE_REPLACED" />
255-->[:flutter_local_notifications] AndroidManifest.xml:27:17-84
255-->[:flutter_local_notifications] AndroidManifest.xml:27:25-81
256                <action android:name="android.intent.action.QUICKBOOT_POWERON" />
256-->[:flutter_local_notifications] AndroidManifest.xml:28:17-82
256-->[:flutter_local_notifications] AndroidManifest.xml:28:25-79
257                <action android:name="com.htc.intent.action.QUICKBOOT_POWERON" />
257-->[:flutter_local_notifications] AndroidManifest.xml:29:17-82
257-->[:flutter_local_notifications] AndroidManifest.xml:29:25-79
258            </intent-filter>
259        </receiver>
260
261        <activity
261-->[:flutter_inappwebview] AndroidManifest.xml:16:9-20:47
262            android:name="com.pichillilorenzo.flutter_inappwebview.in_app_browser.InAppBrowserActivity"
262-->[:flutter_inappwebview] AndroidManifest.xml:17:13-104
263            android:configChanges="orientation|keyboardHidden|keyboard|screenSize|locale|layoutDirection|fontScale|screenLayout|density"
263-->[:flutter_inappwebview] AndroidManifest.xml:18:13-137
264            android:exported="false"
264-->[:flutter_inappwebview] AndroidManifest.xml:19:13-37
265            android:theme="@style/AppTheme" />
265-->[:flutter_inappwebview] AndroidManifest.xml:20:13-44
266        <activity
266-->[:flutter_inappwebview] AndroidManifest.xml:21:9-24:55
267            android:name="com.pichillilorenzo.flutter_inappwebview.chrome_custom_tabs.ChromeCustomTabsActivity"
267-->[:flutter_inappwebview] AndroidManifest.xml:22:13-112
268            android:exported="false"
268-->[:flutter_inappwebview] AndroidManifest.xml:23:13-37
269            android:theme="@style/ThemeTransparent" />
269-->[:flutter_inappwebview] AndroidManifest.xml:24:13-52
270        <activity
270-->[:flutter_inappwebview] AndroidManifest.xml:25:9-28:55
271            android:name="com.pichillilorenzo.flutter_inappwebview.chrome_custom_tabs.TrustedWebActivity"
271-->[:flutter_inappwebview] AndroidManifest.xml:26:13-106
272            android:exported="false"
272-->[:flutter_inappwebview] AndroidManifest.xml:27:13-37
273            android:theme="@style/ThemeTransparent" />
273-->[:flutter_inappwebview] AndroidManifest.xml:28:13-52
274        <activity
274-->[:flutter_inappwebview] AndroidManifest.xml:29:9-33:55
275            android:name="com.pichillilorenzo.flutter_inappwebview.chrome_custom_tabs.ChromeCustomTabsActivitySingleInstance"
275-->[:flutter_inappwebview] AndroidManifest.xml:30:13-126
276            android:exported="false"
276-->[:flutter_inappwebview] AndroidManifest.xml:31:13-37
277            android:launchMode="singleInstance"
277-->[:flutter_inappwebview] AndroidManifest.xml:32:13-48
278            android:theme="@style/ThemeTransparent" />
278-->[:flutter_inappwebview] AndroidManifest.xml:33:13-52
279        <activity
279-->[:flutter_inappwebview] AndroidManifest.xml:34:9-38:55
280            android:name="com.pichillilorenzo.flutter_inappwebview.chrome_custom_tabs.TrustedWebActivitySingleInstance"
280-->[:flutter_inappwebview] AndroidManifest.xml:35:13-120
281            android:exported="false"
281-->[:flutter_inappwebview] AndroidManifest.xml:36:13-37
282            android:launchMode="singleInstance"
282-->[:flutter_inappwebview] AndroidManifest.xml:37:13-48
283            android:theme="@style/ThemeTransparent" />
283-->[:flutter_inappwebview] AndroidManifest.xml:38:13-52
284
285        <receiver
285-->[:flutter_inappwebview] AndroidManifest.xml:40:9-43:40
286            android:name="com.pichillilorenzo.flutter_inappwebview.chrome_custom_tabs.ActionBroadcastReceiver"
286-->[:flutter_inappwebview] AndroidManifest.xml:41:13-111
287            android:enabled="true"
287-->[:flutter_inappwebview] AndroidManifest.xml:42:13-35
288            android:exported="false" />